{"C:\\Users\\Hector Zapata\\OneDrive\\Escritorio\\Super NodeJS\\projects\\02-nasa-project\\nasa-backend\\src\\app.js": {"path":"C:\\Users\\Hector Zapata\\OneDrive\\Escritorio\\Super NodeJS\\projects\\02-nasa-project\\nasa-backend\\src\\app.js","statementMap":{"0":{"start":{"line":1,"column":16},"end":{"line":1,"column":34}},"1":{"start":{"line":2,"column":19},"end":{"line":2,"column":41}},"2":{"start":{"line":3,"column":13},"end":{"line":3,"column":37}},"3":{"start":{"line":4,"column":15},"end":{"line":4,"column":48}},"4":{"start":{"line":5,"column":15},"end":{"line":5,"column":32}},"5":{"start":{"line":7,"column":12},"end":{"line":7,"column":21}},"6":{"start":{"line":8,"column":0},"end":{"line":8,"column":27}},"7":{"start":{"line":9,"column":0},"end":{"line":9,"column":48}},"8":{"start":{"line":10,"column":0},"end":{"line":10,"column":14}},"9":{"start":{"line":12,"column":0},"end":{"line":12,"column":27}},"10":{"start":{"line":16,"column":0},"end":{"line":16,"column":20}},"11":{"start":{"line":18,"column":0},"end":{"line":18,"column":21}}},"fnMap":{},"branchMap":{},"s":{"0":2,"1":2,"2":2,"3":2,"4":2,"5":2,"6":2,"7":2,"8":2,"9":2,"10":2,"11":2},"f":{},"b":{},"_coverageSchema":"1a1c01bbd47fc00a2c39e90264f33305004495a9","hash":"6d5c524cbe05e9fcfde9f00c4f0abf3bded728e5"}
,"C:\\Users\\Hector Zapata\\OneDrive\\Escritorio\\Super NodeJS\\projects\\02-nasa-project\\nasa-backend\\src\\config\\cors.js": {"path":"C:\\Users\\Hector Zapata\\OneDrive\\Escritorio\\Super NodeJS\\projects\\02-nasa-project\\nasa-backend\\src\\config\\cors.js","statementMap":{"0":{"start":{"line":1,"column":13},"end":{"line":1,"column":28}},"1":{"start":{"line":2,"column":0},"end":{"line":2,"column":41}},"2":{"start":{"line":3,"column":19},"end":{"line":5,"column":1}},"3":{"start":{"line":6,"column":0},"end":{"line":6,"column":33}}},"fnMap":{},"branchMap":{},"s":{"0":2,"1":2,"2":2,"3":2},"f":{},"b":{},"_coverageSchema":"1a1c01bbd47fc00a2c39e90264f33305004495a9","hash":"f66044bee863297d33f61463a578671e7fa48dd6"}
,"C:\\Users\\Hector Zapata\\OneDrive\\Escritorio\\Super NodeJS\\projects\\02-nasa-project\\nasa-backend\\src\\controller\\launches\\launches.controller.js": {"path":"C:\\Users\\Hector Zapata\\OneDrive\\Escritorio\\Super NodeJS\\projects\\02-nasa-project\\nasa-backend\\src\\controller\\launches\\launches.controller.js","statementMap":{"0":{"start":{"line":7,"column":4},"end":{"line":7,"column":42}},"1":{"start":{"line":9,"column":27},"end":{"line":15,"column":1}},"2":{"start":{"line":10,"column":4},"end":{"line":14,"column":5}},"3":{"start":{"line":11,"column":8},"end":{"line":11,"column":44}},"4":{"start":{"line":17,"column":26},"end":{"line":33,"column":1}},"5":{"start":{"line":18,"column":4},"end":{"line":32,"column":5}},"6":{"start":{"line":19,"column":23},"end":{"line":19,"column":31}},"7":{"start":{"line":20,"column":8},"end":{"line":20,"column":56}},"8":{"start":{"line":21,"column":8},"end":{"line":23,"column":9}},"9":{"start":{"line":22,"column":12},"end":{"line":22,"column":75}},"10":{"start":{"line":24,"column":8},"end":{"line":26,"column":9}},"11":{"start":{"line":25,"column":12},"end":{"line":25,"column":72}},"12":{"start":{"line":28,"column":26},"end":{"line":28,"column":45}},"13":{"start":{"line":29,"column":8},"end":{"line":29,"column":40}},"14":{"start":{"line":31,"column":8},"end":{"line":31,"column":27}},"15":{"start":{"line":35,"column":26},"end":{"line":47,"column":1}},"16":{"start":{"line":36,"column":4},"end":{"line":46,"column":5}},"17":{"start":{"line":37,"column":21},"end":{"line":37,"column":31}},"18":{"start":{"line":38,"column":8},"end":{"line":40,"column":9}},"19":{"start":{"line":39,"column":12},"end":{"line":39,"column":77}},"20":{"start":{"line":41,"column":24},"end":{"line":41,"column":40}},"21":{"start":{"line":42,"column":8},"end":{"line":42,"column":44}},"22":{"start":{"line":45,"column":8},"end":{"line":45,"column":27}},"23":{"start":{"line":48,"column":0},"end":{"line":52,"column":1}}},"fnMap":{"0":{"name":"(anonymous_0)","decl":{"start":{"line":9,"column":27},"end":{"line":9,"column":28}},"loc":{"start":{"line":9,"column":43},"end":{"line":15,"column":1}},"line":9},"1":{"name":"(anonymous_1)","decl":{"start":{"line":17,"column":26},"end":{"line":17,"column":27}},"loc":{"start":{"line":17,"column":42},"end":{"line":33,"column":1}},"line":17},"2":{"name":"(anonymous_2)","decl":{"start":{"line":35,"column":26},"end":{"line":35,"column":27}},"loc":{"start":{"line":35,"column":42},"end":{"line":47,"column":1}},"line":35}},"branchMap":{"0":{"loc":{"start":{"line":21,"column":8},"end":{"line":23,"column":9}},"type":"if","locations":[{"start":{"line":21,"column":8},"end":{"line":23,"column":9}},{"start":{},"end":{}}],"line":21},"1":{"loc":{"start":{"line":21,"column":11},"end":{"line":21,"column":84}},"type":"binary-expr","locations":[{"start":{"line":21,"column":11},"end":{"line":21,"column":26}},{"start":{"line":21,"column":30},"end":{"line":21,"column":44}},{"start":{"line":21,"column":48},"end":{"line":21,"column":66}},{"start":{"line":21,"column":70},"end":{"line":21,"column":84}}],"line":21},"2":{"loc":{"start":{"line":24,"column":8},"end":{"line":26,"column":9}},"type":"if","locations":[{"start":{"line":24,"column":8},"end":{"line":26,"column":9}},{"start":{},"end":{}}],"line":24},"3":{"loc":{"start":{"line":38,"column":8},"end":{"line":40,"column":9}},"type":"if","locations":[{"start":{"line":38,"column":8},"end":{"line":40,"column":9}},{"start":{},"end":{}}],"line":38}},"s":{"0":2,"1":2,"2":1,"3":1,"4":2,"5":4,"6":4,"7":4,"8":4,"9":1,"10":3,"11":1,"12":2,"13":2,"14":0,"15":2,"16":1,"17":1,"18":1,"19":0,"20":1,"21":1,"22":0,"23":2},"f":{"0":1,"1":4,"2":1},"b":{"0":[1,3],"1":[4,3,3,3],"2":[1,2],"3":[0,1]},"_coverageSchema":"1a1c01bbd47fc00a2c39e90264f33305004495a9","hash":"81f960871b90b667f8be81720a608dc09c642ac5"}
,"C:\\Users\\Hector Zapata\\OneDrive\\Escritorio\\Super NodeJS\\projects\\02-nasa-project\\nasa-backend\\src\\controller\\planets\\planets.controller.js": {"path":"C:\\Users\\Hector Zapata\\OneDrive\\Escritorio\\Super NodeJS\\projects\\02-nasa-project\\nasa-backend\\src\\controller\\planets\\planets.controller.js","statementMap":{"0":{"start":{"line":1,"column":21},"end":{"line":1,"column":58}},"1":{"start":{"line":3,"column":22},"end":{"line":9,"column":1}},"2":{"start":{"line":4,"column":4},"end":{"line":8,"column":5}},"3":{"start":{"line":5,"column":8},"end":{"line":5,"column":43}},"4":{"start":{"line":11,"column":0},"end":{"line":13,"column":1}}},"fnMap":{"0":{"name":"(anonymous_0)","decl":{"start":{"line":3,"column":22},"end":{"line":3,"column":23}},"loc":{"start":{"line":3,"column":38},"end":{"line":9,"column":1}},"line":3}},"branchMap":{},"s":{"0":2,"1":2,"2":1,"3":1,"4":2},"f":{"0":1},"b":{},"_coverageSchema":"1a1c01bbd47fc00a2c39e90264f33305004495a9","hash":"637ee374f16766a240d10565f66dce962616f2cd"}
,"C:\\Users\\Hector Zapata\\OneDrive\\Escritorio\\Super NodeJS\\projects\\02-nasa-project\\nasa-backend\\src\\models\\launches.model.js": {"path":"C:\\Users\\Hector Zapata\\OneDrive\\Escritorio\\Super NodeJS\\projects\\02-nasa-project\\nasa-backend\\src\\models\\launches.model.js","statementMap":{"0":{"start":{"line":1,"column":17},"end":{"line":1,"column":26}},"1":{"start":{"line":3,"column":19},"end":{"line":3,"column":22}},"2":{"start":{"line":5,"column":20},"end":{"line":7,"column":1}},"3":{"start":{"line":6,"column":4},"end":{"line":6,"column":41}},"4":{"start":{"line":8,"column":20},"end":{"line":18,"column":1}},"5":{"start":{"line":9,"column":4},"end":{"line":9,"column":18}},"6":{"start":{"line":10,"column":21},"end":{"line":15,"column":10}},"7":{"start":{"line":16,"column":4},"end":{"line":16,"column":40}},"8":{"start":{"line":17,"column":4},"end":{"line":17,"column":20}},"9":{"start":{"line":20,"column":24},"end":{"line":23,"column":1}},"10":{"start":{"line":21,"column":17},"end":{"line":21,"column":44}},"11":{"start":{"line":22,"column":4},"end":{"line":22,"column":39}},"12":{"start":{"line":24,"column":21},"end":{"line":29,"column":1}},"13":{"start":{"line":25,"column":20},"end":{"line":25,"column":49}},"14":{"start":{"line":26,"column":4},"end":{"line":26,"column":29}},"15":{"start":{"line":27,"column":4},"end":{"line":27,"column":28}},"16":{"start":{"line":28,"column":4},"end":{"line":28,"column":19}},"17":{"start":{"line":32,"column":0},"end":{"line":37,"column":1}}},"fnMap":{"0":{"name":"(anonymous_0)","decl":{"start":{"line":5,"column":20},"end":{"line":5,"column":21}},"loc":{"start":{"line":5,"column":24},"end":{"line":7,"column":1}},"line":5},"1":{"name":"(anonymous_1)","decl":{"start":{"line":8,"column":20},"end":{"line":8,"column":21}},"loc":{"start":{"line":8,"column":30},"end":{"line":18,"column":1}},"line":8},"2":{"name":"(anonymous_2)","decl":{"start":{"line":20,"column":24},"end":{"line":20,"column":25}},"loc":{"start":{"line":20,"column":30},"end":{"line":23,"column":1}},"line":20},"3":{"name":"(anonymous_3)","decl":{"start":{"line":24,"column":21},"end":{"line":24,"column":22}},"loc":{"start":{"line":24,"column":27},"end":{"line":29,"column":1}},"line":24}},"branchMap":{},"s":{"0":2,"1":2,"2":2,"3":1,"4":2,"5":2,"6":2,"7":2,"8":2,"9":2,"10":1,"11":1,"12":2,"13":1,"14":1,"15":1,"16":1,"17":2},"f":{"0":1,"1":2,"2":1,"3":1},"b":{},"_coverageSchema":"1a1c01bbd47fc00a2c39e90264f33305004495a9","hash":"c1370d3e39c62f24822c5174350e4cd811509b9f"}
,"C:\\Users\\Hector Zapata\\OneDrive\\Escritorio\\Super NodeJS\\projects\\02-nasa-project\\nasa-backend\\src\\models\\planets.model.js": {"path":"C:\\Users\\Hector Zapata\\OneDrive\\Escritorio\\Super NodeJS\\projects\\02-nasa-project\\nasa-backend\\src\\models\\planets.model.js","statementMap":{"0":{"start":{"line":1,"column":16},"end":{"line":1,"column":36}},"1":{"start":{"line":2,"column":11},"end":{"line":2,"column":24}},"2":{"start":{"line":3,"column":13},"end":{"line":3,"column":28}},"3":{"start":{"line":4,"column":16},"end":{"line":4,"column":18}},"4":{"start":{"line":5,"column":26},"end":{"line":9,"column":1}},"5":{"start":{"line":6,"column":4},"end":{"line":8,"column":30}},"6":{"start":{"line":11,"column":24},"end":{"line":31,"column":1}},"7":{"start":{"line":12,"column":4},"end":{"line":30,"column":6}},"8":{"start":{"line":13,"column":8},"end":{"line":29,"column":11}},"9":{"start":{"line":19,"column":12},"end":{"line":21,"column":13}},"10":{"start":{"line":20,"column":16},"end":{"line":20,"column":35}},"11":{"start":{"line":24,"column":12},"end":{"line":24,"column":25}},"12":{"start":{"line":27,"column":12},"end":{"line":27,"column":42}},"13":{"start":{"line":28,"column":12},"end":{"line":28,"column":22}},"14":{"start":{"line":34,"column":19},"end":{"line":36,"column":1}},"15":{"start":{"line":35,"column":4},"end":{"line":35,"column":18}},"16":{"start":{"line":38,"column":0},"end":{"line":41,"column":1}}},"fnMap":{"0":{"name":"(anonymous_0)","decl":{"start":{"line":5,"column":26},"end":{"line":5,"column":27}},"loc":{"start":{"line":5,"column":37},"end":{"line":9,"column":1}},"line":5},"1":{"name":"(anonymous_1)","decl":{"start":{"line":11,"column":24},"end":{"line":11,"column":25}},"loc":{"start":{"line":11,"column":28},"end":{"line":31,"column":1}},"line":11},"2":{"name":"(anonymous_2)","decl":{"start":{"line":12,"column":23},"end":{"line":12,"column":24}},"loc":{"start":{"line":12,"column":41},"end":{"line":30,"column":5}},"line":12},"3":{"name":"(anonymous_3)","decl":{"start":{"line":18,"column":19},"end":{"line":18,"column":20}},"loc":{"start":{"line":18,"column":27},"end":{"line":22,"column":9}},"line":18},"4":{"name":"(anonymous_4)","decl":{"start":{"line":23,"column":20},"end":{"line":23,"column":21}},"loc":{"start":{"line":23,"column":29},"end":{"line":25,"column":9}},"line":23},"5":{"name":"(anonymous_5)","decl":{"start":{"line":26,"column":18},"end":{"line":26,"column":19}},"loc":{"start":{"line":26,"column":22},"end":{"line":29,"column":9}},"line":26},"6":{"name":"(anonymous_6)","decl":{"start":{"line":34,"column":19},"end":{"line":34,"column":20}},"loc":{"start":{"line":34,"column":23},"end":{"line":36,"column":1}},"line":34}},"branchMap":{"0":{"loc":{"start":{"line":6,"column":11},"end":{"line":8,"column":29}},"type":"binary-expr","locations":[{"start":{"line":6,"column":11},"end":{"line":6,"column":50}},{"start":{"line":7,"column":7},"end":{"line":7,"column":31}},{"start":{"line":7,"column":35},"end":{"line":7,"column":59}},{"start":{"line":8,"column":7},"end":{"line":8,"column":29}}],"line":6},"1":{"loc":{"start":{"line":19,"column":12},"end":{"line":21,"column":13}},"type":"if","locations":[{"start":{"line":19,"column":12},"end":{"line":21,"column":13}},{"start":{},"end":{}}],"line":19}},"s":{"0":2,"1":2,"2":2,"3":2,"4":2,"5":0,"6":2,"7":0,"8":0,"9":0,"10":0,"11":0,"12":0,"13":0,"14":2,"15":1,"16":2},"f":{"0":0,"1":0,"2":0,"3":0,"4":0,"5":0,"6":1},"b":{"0":[0,0,0,0],"1":[0,0]},"_coverageSchema":"1a1c01bbd47fc00a2c39e90264f33305004495a9","hash":"ba06cdf24eb66651003f4c458e36a839e108c4b8"}
,"C:\\Users\\Hector Zapata\\OneDrive\\Escritorio\\Super NodeJS\\projects\\02-nasa-project\\nasa-backend\\src\\routes\\router.router.js": {"path":"C:\\Users\\Hector Zapata\\OneDrive\\Escritorio\\Super NodeJS\\projects\\02-nasa-project\\nasa-backend\\src\\routes\\router.router.js","statementMap":{"0":{"start":{"line":1,"column":16},"end":{"line":1,"column":34}},"1":{"start":{"line":2,"column":15},"end":{"line":2,"column":24}},"2":{"start":{"line":5,"column":0},"end":{"line":5,"column":48}},"3":{"start":{"line":6,"column":0},"end":{"line":6,"column":50}},"4":{"start":{"line":9,"column":0},"end":{"line":9,"column":24}}},"fnMap":{},"branchMap":{},"s":{"0":2,"1":2,"2":2,"3":2,"4":2},"f":{},"b":{},"_coverageSchema":"1a1c01bbd47fc00a2c39e90264f33305004495a9","hash":"f9286a9bb05c7fc377037e152944a58b75861c06"}
,"C:\\Users\\Hector Zapata\\OneDrive\\Escritorio\\Super NodeJS\\projects\\02-nasa-project\\nasa-backend\\src\\routes\\launches\\launches.router.js": {"path":"C:\\Users\\Hector Zapata\\OneDrive\\Escritorio\\Super NodeJS\\projects\\02-nasa-project\\nasa-backend\\src\\routes\\launches\\launches.router.js","statementMap":{"0":{"start":{"line":1,"column":16},"end":{"line":1,"column":34}},"1":{"start":{"line":2,"column":23},"end":{"line":2,"column":32}},"2":{"start":{"line":5,"column":65},"end":{"line":5,"column":121}},"3":{"start":{"line":7,"column":0},"end":{"line":7,"column":51}},"4":{"start":{"line":8,"column":0},"end":{"line":8,"column":51}},"5":{"start":{"line":9,"column":0},"end":{"line":9,"column":57}},"6":{"start":{"line":12,"column":0},"end":{"line":12,"column":32}}},"fnMap":{},"branchMap":{},"s":{"0":2,"1":2,"2":2,"3":2,"4":2,"5":2,"6":2},"f":{},"b":{},"_coverageSchema":"1a1c01bbd47fc00a2c39e90264f33305004495a9","hash":"075b3b06241efd81340051b80025f69d80ac052f"}
,"C:\\Users\\Hector Zapata\\OneDrive\\Escritorio\\Super NodeJS\\projects\\02-nasa-project\\nasa-backend\\src\\routes\\planets\\planets.router.js": {"path":"C:\\Users\\Hector Zapata\\OneDrive\\Escritorio\\Super NodeJS\\projects\\02-nasa-project\\nasa-backend\\src\\routes\\planets\\planets.router.js","statementMap":{"0":{"start":{"line":1,"column":16},"end":{"line":1,"column":34}},"1":{"start":{"line":2,"column":22},"end":{"line":2,"column":38}},"2":{"start":{"line":5,"column":24},"end":{"line":5,"column":78}},"3":{"start":{"line":8,"column":0},"end":{"line":8,"column":44}},"4":{"start":{"line":11,"column":0},"end":{"line":11,"column":31}}},"fnMap":{},"branchMap":{},"s":{"0":2,"1":2,"2":2,"3":2,"4":2},"f":{},"b":{},"_coverageSchema":"1a1c01bbd47fc00a2c39e90264f33305004495a9","hash":"9654ed33643b32f100155effdd370bb9ad25a6fa"}
}
