TN:
SF:src\app.js
FNF:0
FNH:0
DA:1,2
DA:2,2
DA:3,2
DA:4,2
DA:5,2
DA:7,2
DA:8,2
DA:9,2
DA:10,2
DA:12,2
DA:16,2
DA:18,2
LF:12
LH:12
BRF:0
BRH:0
end_of_record
TN:
SF:src\config\cors.js
FNF:0
FNH:0
DA:1,2
DA:2,2
DA:3,2
DA:6,2
LF:4
LH:4
BRF:0
BRH:0
end_of_record
TN:
SF:src\controller\launches\launches.controller.js
FN:9,(anonymous_0)
FN:17,(anonymous_1)
FN:35,(anonymous_2)
FNF:3
FNH:3
FNDA:1,(anonymous_0)
FNDA:4,(anonymous_1)
FNDA:1,(anonymous_2)
DA:7,2
DA:9,2
DA:10,1
DA:11,1
DA:17,2
DA:18,4
DA:19,4
DA:20,4
DA:21,4
DA:22,1
DA:24,3
DA:25,1
DA:28,2
DA:29,2
DA:31,0
DA:35,2
DA:36,1
DA:37,1
DA:38,1
DA:39,0
DA:41,1
DA:42,1
DA:45,0
DA:48,2
LF:24
LH:21
BRDA:21,0,0,1
BRDA:21,0,1,3
BRDA:21,1,0,4
BRDA:21,1,1,3
BRDA:21,1,2,3
BRDA:21,1,3,3
BRDA:24,2,0,1
BRDA:24,2,1,2
BRDA:38,3,0,0
BRDA:38,3,1,1
BRF:10
BRH:9
end_of_record
TN:
SF:src\controller\planets\planets.controller.js
FN:3,(anonymous_0)
FNF:1
FNH:1
FNDA:1,(anonymous_0)
DA:1,2
DA:3,2
DA:4,1
DA:5,1
DA:11,2
LF:5
LH:5
BRF:0
BRH:0
end_of_record
TN:
SF:src\models\launches.model.js
FN:5,(anonymous_0)
FN:8,(anonymous_1)
FN:20,(anonymous_2)
FN:24,(anonymous_3)
FNF:4
FNH:4
FNDA:1,(anonymous_0)
FNDA:2,(anonymous_1)
FNDA:1,(anonymous_2)
FNDA:1,(anonymous_3)
DA:1,2
DA:3,2
DA:5,2
DA:6,1
DA:8,2
DA:9,2
DA:10,2
DA:16,2
DA:17,2
DA:20,2
DA:21,1
DA:22,1
DA:24,2
DA:25,1
DA:26,1
DA:27,1
DA:28,1
DA:32,2
LF:18
LH:18
BRF:0
BRH:0
end_of_record
TN:
SF:src\models\planets.model.js
FN:5,(anonymous_0)
FN:11,(anonymous_1)
FN:12,(anonymous_2)
FN:18,(anonymous_3)
FN:23,(anonymous_4)
FN:26,(anonymous_5)
FN:34,(anonymous_6)
FNF:7
FNH:1
FNDA:0,(anonymous_0)
FNDA:0,(anonymous_1)
FNDA:0,(anonymous_2)
FNDA:0,(anonymous_3)
FNDA:0,(anonymous_4)
FNDA:0,(anonymous_5)
FNDA:1,(anonymous_6)
DA:1,2
DA:2,2
DA:3,2
DA:4,2
DA:5,2
DA:6,0
DA:11,2
DA:12,0
DA:13,0
DA:19,0
DA:20,0
DA:24,0
DA:27,0
DA:28,0
DA:34,2
DA:35,1
DA:38,2
LF:17
LH:9
BRDA:6,0,0,0
BRDA:6,0,1,0
BRDA:6,0,2,0
BRDA:6,0,3,0
BRDA:19,1,0,0
BRDA:19,1,1,0
BRF:6
BRH:0
end_of_record
TN:
SF:src\routes\router.router.js
FNF:0
FNH:0
DA:1,2
DA:2,2
DA:5,2
DA:6,2
DA:9,2
LF:5
LH:5
BRF:0
BRH:0
end_of_record
TN:
SF:src\routes\launches\launches.router.js
FNF:0
FNH:0
DA:1,2
DA:2,2
DA:5,2
DA:7,2
DA:8,2
DA:9,2
DA:12,2
LF:7
LH:7
BRF:0
BRH:0
end_of_record
TN:
SF:src\routes\planets\planets.router.js
FNF:0
FNH:0
DA:1,2
DA:2,2
DA:5,2
DA:8,2
DA:11,2
LF:5
LH:5
BRF:0
BRH:0
end_of_record
